Analysis & Synthesis report for SNES_to_VGA
Sun Jun 14 15:31:35 2020
Quartus Prime Version 19.1.0 Build 670 09/22/2019 SJ Lite Edition


---------------------
; Table of Contents ;
---------------------
  1. Legal Notice
  2. Analysis & Synthesis Summary
  3. Analysis & Synthesis Settings
  4. Parallel Compilation
  5. Analysis & Synthesis Source Files Read
  6. Analysis & Synthesis Resource Usage Summary
  7. Analysis & Synthesis Resource Utilization by Entity
  8. Registers Removed During Synthesis
  9. General Register Statistics
 10. Inverted Register Statistics
 11. Multiplexer Restructuring Statistics (Restructuring Performed)
 12. Parameter Settings for User Entity Instance: fsm_snes:snes_decode
 13. Parameter Settings for User Entity Instance: VGA:my_VGA
 14. Port Connectivity Checks: "rgb_decoder:my_decoder|clock_divider_1Hz:clk_div_1"
 15. Port Connectivity Checks: "VGA:my_VGA"
 16. Port Connectivity Checks: "fsm_snes:snes_decode"
 17. Post-Synthesis Netlist Statistics for Top Partition
 18. Elapsed Time Per Partition
 19. Analysis & Synthesis Messages
 20. Analysis & Synthesis Suppressed Messages



----------------
; Legal Notice ;
----------------
Copyright (C) 2019  Intel Corporation. All rights reserved.
Your use of Intel Corporation's design tools, logic functions 
and other software and tools, and any partner logic 
functions, and any output files from any of the foregoing 
(including device programming or simulation files), and any 
associated documentation or information are expressly subject 
to the terms and conditions of the Intel Program License 
Subscription Agreement, the Intel Quartus Prime License Agreement,
the Intel FPGA IP License Agreement, or other applicable license
agreement, including, without limitation, that your use is for
the sole purpose of programming logic devices manufactured by
Intel and sold by Intel or its authorized distributors.  Please
refer to the applicable agreement for further details, at
https://fpgasoftware.intel.com/eula.



+----------------------------------------------------------------------------------+
; Analysis & Synthesis Summary                                                     ;
+------------------------------------+---------------------------------------------+
; Analysis & Synthesis Status        ; Successful - Sun Jun 14 15:31:35 2020       ;
; Quartus Prime Version              ; 19.1.0 Build 670 09/22/2019 SJ Lite Edition ;
; Revision Name                      ; SNES_to_VGA                                 ;
; Top-level Entity Name              ; top_level                                   ;
; Family                             ; MAX 10                                      ;
; Total logic elements               ; 491                                         ;
;     Total combinational functions  ; 460                                         ;
;     Dedicated logic registers      ; 185                                         ;
; Total registers                    ; 185                                         ;
; Total pins                         ; 20                                          ;
; Total virtual pins                 ; 0                                           ;
; Total memory bits                  ; 0                                           ;
; Embedded Multiplier 9-bit elements ; 0                                           ;
; Total PLLs                         ; 0                                           ;
; UFM blocks                         ; 0                                           ;
; ADC blocks                         ; 0                                           ;
+------------------------------------+---------------------------------------------+


+------------------------------------------------------------------------------------------------------------+
; Analysis & Synthesis Settings                                                                              ;
+------------------------------------------------------------------+--------------------+--------------------+
; Option                                                           ; Setting            ; Default Value      ;
+------------------------------------------------------------------+--------------------+--------------------+
; Device                                                           ; 10M50DAF484C7G     ;                    ;
; Top-level entity name                                            ; top_level          ; SNES_to_VGA        ;
; Family name                                                      ; MAX 10             ; Cyclone V          ;
; Use smart compilation                                            ; Off                ; Off                ;
; Enable parallel Assembler and Timing Analyzer during compilation ; On                 ; On                 ;
; Enable compact report table                                      ; Off                ; Off                ;
; Restructure Multiplexers                                         ; Auto               ; Auto               ;
; Create Debugging Nodes for IP Cores                              ; Off                ; Off                ;
; Preserve fewer node names                                        ; On                 ; On                 ;
; Intel FPGA IP Evaluation Mode                                    ; Enable             ; Enable             ;
; Verilog Version                                                  ; Verilog_2001       ; Verilog_2001       ;
; VHDL Version                                                     ; VHDL_1993          ; VHDL_1993          ;
; State Machine Processing                                         ; Auto               ; Auto               ;
; Safe State Machine                                               ; Off                ; Off                ;
; Extract Verilog State Machines                                   ; On                 ; On                 ;
; Extract VHDL State Machines                                      ; On                 ; On                 ;
; Ignore Verilog initial constructs                                ; Off                ; Off                ;
; Iteration limit for constant Verilog loops                       ; 5000               ; 5000               ;
; Iteration limit for non-constant Verilog loops                   ; 250                ; 250                ;
; Add Pass-Through Logic to Inferred RAMs                          ; On                 ; On                 ;
; Infer RAMs from Raw Logic                                        ; On                 ; On                 ;
; Parallel Synthesis                                               ; On                 ; On                 ;
; DSP Block Balancing                                              ; Auto               ; Auto               ;
; NOT Gate Push-Back                                               ; On                 ; On                 ;
; Power-Up Don't Care                                              ; On                 ; On                 ;
; Remove Redundant Logic Cells                                     ; Off                ; Off                ;
; Remove Duplicate Registers                                       ; On                 ; On                 ;
; Ignore CARRY Buffers                                             ; Off                ; Off                ;
; Ignore CASCADE Buffers                                           ; Off                ; Off                ;
; Ignore GLOBAL Buffers                                            ; Off                ; Off                ;
; Ignore ROW GLOBAL Buffers                                        ; Off                ; Off                ;
; Ignore LCELL Buffers                                             ; Off                ; Off                ;
; Ignore SOFT Buffers                                              ; On                 ; On                 ;
; Limit AHDL Integers to 32 Bits                                   ; Off                ; Off                ;
; Optimization Technique                                           ; Balanced           ; Balanced           ;
; Carry Chain Length                                               ; 70                 ; 70                 ;
; Auto Carry Chains                                                ; On                 ; On                 ;
; Auto Open-Drain Pins                                             ; On                 ; On                 ;
; Perform WYSIWYG Primitive Resynthesis                            ; Off                ; Off                ;
; Auto ROM Replacement                                             ; On                 ; On                 ;
; Auto RAM Replacement                                             ; On                 ; On                 ;
; Auto DSP Block Replacement                                       ; On                 ; On                 ;
; Auto Shift Register Replacement                                  ; Auto               ; Auto               ;
; Allow Shift Register Merging across Hierarchies                  ; Auto               ; Auto               ;
; Auto Clock Enable Replacement                                    ; On                 ; On                 ;
; Strict RAM Replacement                                           ; Off                ; Off                ;
; Allow Synchronous Control Signals                                ; On                 ; On                 ;
; Force Use of Synchronous Clear Signals                           ; Off                ; Off                ;
; Auto RAM Block Balancing                                         ; On                 ; On                 ;
; Auto RAM to Logic Cell Conversion                                ; Off                ; Off                ;
; Auto Resource Sharing                                            ; Off                ; Off                ;
; Allow Any RAM Size For Recognition                               ; Off                ; Off                ;
; Allow Any ROM Size For Recognition                               ; Off                ; Off                ;
; Allow Any Shift Register Size For Recognition                    ; Off                ; Off                ;
; Use LogicLock Constraints during Resource Balancing              ; On                 ; On                 ;
; Ignore translate_off and synthesis_off directives                ; Off                ; Off                ;
; Timing-Driven Synthesis                                          ; On                 ; On                 ;
; Report Parameter Settings                                        ; On                 ; On                 ;
; Report Source Assignments                                        ; On                 ; On                 ;
; Report Connectivity Checks                                       ; On                 ; On                 ;
; Ignore Maximum Fan-Out Assignments                               ; Off                ; Off                ;
; Synchronization Register Chain Length                            ; 2                  ; 2                  ;
; Power Optimization During Synthesis                              ; Normal compilation ; Normal compilation ;
; HDL message level                                                ; Level2             ; Level2             ;
; Suppress Register Optimization Related Messages                  ; Off                ; Off                ;
; Number of Removed Registers Reported in Synthesis Report         ; 5000               ; 5000               ;
; Number of Swept Nodes Reported in Synthesis Report               ; 5000               ; 5000               ;
; Number of Inverted Registers Reported in Synthesis Report        ; 100                ; 100                ;
; Clock MUX Protection                                             ; On                 ; On                 ;
; Auto Gated Clock Conversion                                      ; Off                ; Off                ;
; Block Design Naming                                              ; Auto               ; Auto               ;
; SDC constraint protection                                        ; Off                ; Off                ;
; Synthesis Effort                                                 ; Auto               ; Auto               ;
; Shift Register Replacement - Allow Asynchronous Clear Signal     ; On                 ; On                 ;
; Pre-Mapping Resynthesis Optimization                             ; Off                ; Off                ;
; Analysis & Synthesis Message Level                               ; Medium             ; Medium             ;
; Disable Register Merging Across Hierarchies                      ; Auto               ; Auto               ;
; Resource Aware Inference For Block RAM                           ; On                 ; On                 ;
+------------------------------------------------------------------+--------------------+--------------------+


+------------------------------------------+
; Parallel Compilation                     ;
+----------------------------+-------------+
; Processors                 ; Number      ;
+----------------------------+-------------+
; Number detected on machine ; 12          ;
; Maximum allowed            ; 6           ;
;                            ;             ;
; Average used               ; 1.00        ;
; Maximum used               ; 6           ;
;                            ;             ;
; Usage by Processor         ; % Time Used ;
;     Processor 1            ; 100.0%      ;
;     Processors 2-6         ;   0.0%      ;
+----------------------------+-------------+


+----------------------------------------------------------------------------------------------------------------------------------------------------------------------------------------+
; Analysis & Synthesis Source Files Read                                                                                                                                                 ;
+----------------------------------+-----------------+------------------------------+------------------------------------------------------------------------------------------+---------+
; File Name with User-Entered Path ; Used in Netlist ; File Type                    ; File Name with Absolute Path                                                             ; Library ;
+----------------------------------+-----------------+------------------------------+------------------------------------------------------------------------------------------+---------+
; RGB_Generator.sv                 ; yes             ; User SystemVerilog HDL File  ; C:/Users/Jacob/Desktop/Quartus Prime Projects/ECE 272 Group Project/RGB_Generator.sv     ;         ;
; VGA_Timings.sv                   ; yes             ; User SystemVerilog HDL File  ; C:/Users/Jacob/Desktop/Quartus Prime Projects/ECE 272 Group Project/VGA_Timings.sv       ;         ;
; top_level.sv                     ; yes             ; User SystemVerilog HDL File  ; C:/Users/Jacob/Desktop/Quartus Prime Projects/ECE 272 Group Project/top_level.sv         ;         ;
; RGB_Decoder.sv                   ; yes             ; User SystemVerilog HDL File  ; C:/Users/Jacob/Desktop/Quartus Prime Projects/ECE 272 Group Project/RGB_Decoder.sv       ;         ;
; Clock_Divider.sv                 ; yes             ; User SystemVerilog HDL File  ; C:/Users/Jacob/Desktop/Quartus Prime Projects/ECE 272 Group Project/Clock_Divider.sv     ;         ;
; SNES_to_VGA.sv                   ; yes             ; User SystemVerilog HDL File  ; C:/Users/Jacob/Desktop/Quartus Prime Projects/ECE 272 Group Project/SNES_to_VGA.sv       ;         ;
; clock_divider_1Hz.sv             ; yes             ; User SystemVerilog HDL File  ; C:/Users/Jacob/Desktop/Quartus Prime Projects/ECE 272 Group Project/clock_divider_1Hz.sv ;         ;
+----------------------------------+-----------------+------------------------------+------------------------------------------------------------------------------------------+---------+


+---------------------------------------------------------+
; Analysis & Synthesis Resource Usage Summary             ;
+---------------------------------------------+-----------+
; Resource                                    ; Usage     ;
+---------------------------------------------+-----------+
; Estimated Total logic elements              ; 491       ;
;                                             ;           ;
; Total combinational functions               ; 460       ;
; Logic element usage by number of LUT inputs ;           ;
;     -- 4 input functions                    ; 105       ;
;     -- 3 input functions                    ; 179       ;
;     -- <=2 input functions                  ; 176       ;
;                                             ;           ;
; Logic elements by mode                      ;           ;
;     -- normal mode                          ; 244       ;
;     -- arithmetic mode                      ; 216       ;
;                                             ;           ;
; Total registers                             ; 185       ;
;     -- Dedicated logic registers            ; 185       ;
;     -- I/O registers                        ; 0         ;
;                                             ;           ;
; I/O pins                                    ; 20        ;
;                                             ;           ;
; Embedded Multiplier 9-bit elements          ; 0         ;
;                                             ;           ;
; Maximum fan-out node                        ; clk~input ;
; Maximum fan-out                             ; 158       ;
; Total fan-out                               ; 1835      ;
; Average fan-out                             ; 2.68      ;
+---------------------------------------------+-----------+


+-------------------------------------------------------------------------------------------------------------------------------------------------------------------------------------------------------------------------------------------------------------+
; Analysis & Synthesis Resource Utilization by Entity                                                                                                                                                                                                         ;
+---------------------------------+---------------------+---------------------------+-------------+------------+--------------+---------+-----------+------+--------------+------------+---------------------------------------+---------------+--------------+
; Compilation Hierarchy Node      ; Combinational ALUTs ; Dedicated Logic Registers ; Memory Bits ; UFM Blocks ; DSP Elements ; DSP 9x9 ; DSP 18x18 ; Pins ; Virtual Pins ; ADC blocks ; Full Hierarchy Name                   ; Entity Name   ; Library Name ;
+---------------------------------+---------------------+---------------------------+-------------+------------+--------------+---------+-----------+------+--------------+------------+---------------------------------------+---------------+--------------+
; |top_level                      ; 460 (1)             ; 185 (0)                   ; 0           ; 0          ; 0            ; 0       ; 0         ; 20   ; 0            ; 0          ; |top_level                            ; top_level     ; work         ;
;    |VGA:my_VGA|                 ; 72 (72)             ; 20 (20)                   ; 0           ; 0          ; 0            ; 0       ; 0         ; 0    ; 0            ; 0          ; |top_level|VGA:my_VGA                 ; VGA           ; work         ;
;    |clockdivider:my_clk_div|    ; 3 (3)               ; 3 (3)                     ; 0           ; 0          ; 0            ; 0       ; 0         ; 0    ; 0            ; 0          ; |top_level|clockdivider:my_clk_div    ; clockdivider  ; work         ;
;    |fsm_snes:snes_decode|       ; 62 (62)             ; 51 (51)                   ; 0           ; 0          ; 0            ; 0       ; 0         ; 0    ; 0            ; 0          ; |top_level|fsm_snes:snes_decode       ; fsm_snes      ; work         ;
;    |rgb_decoder:my_decoder|     ; 310 (310)           ; 111 (111)                 ; 0           ; 0          ; 0            ; 0       ; 0         ; 0    ; 0            ; 0          ; |top_level|rgb_decoder:my_decoder     ; rgb_decoder   ; work         ;
;    |vga_generator:my_generator| ; 12 (12)             ; 0 (0)                     ; 0           ; 0          ; 0            ; 0       ; 0         ; 0    ; 0            ; 0          ; |top_level|vga_generator:my_generator ; vga_generator ; work         ;
+---------------------------------+---------------------+---------------------------+-------------+------------+--------------+---------+-----------+------+--------------+------------+---------------------------------------+---------------+--------------+
Note: For table entries with two numbers listed, the numbers in parentheses indicate the number of resources of the given type used by the specific entity alone. The numbers listed outside of parentheses indicate the total resources of the given type used by the specific entity and all of its sub-entities in the hierarchy.


+----------------------------------------------------------------------------------------+
; Registers Removed During Synthesis                                                     ;
+---------------------------------------+------------------------------------------------+
; Register name                         ; Reason for Removal                             ;
+---------------------------------------+------------------------------------------------+
; rgb_decoder:my_decoder|counter[0]     ; Merged with rgb_decoder:my_decoder|counter2[0] ;
; rgb_decoder:my_decoder|counter[1]     ; Merged with rgb_decoder:my_decoder|counter2[1] ;
; Total Number of Removed Registers = 2 ;                                                ;
+---------------------------------------+------------------------------------------------+


+------------------------------------------------------+
; General Register Statistics                          ;
+----------------------------------------------+-------+
; Statistic                                    ; Value ;
+----------------------------------------------+-------+
; Total registers                              ; 185   ;
; Number of registers using Synchronous Clear  ; 10    ;
; Number of registers using Synchronous Load   ; 3     ;
; Number of registers using Asynchronous Clear ; 102   ;
; Number of registers using Asynchronous Load  ; 0     ;
; Number of registers using Clock Enable       ; 22    ;
; Number of registers using Preset             ; 0     ;
+----------------------------------------------+-------+


+---------------------------------------------------+
; Inverted Register Statistics                      ;
+-----------------------------------------+---------+
; Inverted Register                       ; Fan out ;
+-----------------------------------------+---------+
; fsm_snes:snes_decode|state[8]           ; 20      ;
; fsm_snes:snes_decode|state[0]           ; 6       ;
; fsm_snes:snes_decode|state[6]           ; 6       ;
; fsm_snes:snes_decode|delay[3]           ; 2       ;
; fsm_snes:snes_decode|delay[4]           ; 2       ;
; fsm_snes:snes_decode|delay[6]           ; 2       ;
; fsm_snes:snes_decode|delay[9]           ; 2       ;
; rgb_decoder:my_decoder|x_pos[9]         ; 2       ;
; rgb_decoder:my_decoder|size[4]          ; 2       ;
; rgb_decoder:my_decoder|size[2]          ; 2       ;
; rgb_decoder:my_decoder|r_out_sprite[0]  ; 5       ;
; rgb_decoder:my_decoder|y_pos[8]         ; 2       ;
; rgb_decoder:my_decoder|r_out_sprite[1]  ; 4       ;
; rgb_decoder:my_decoder|r_out_sprite[2]  ; 3       ;
; rgb_decoder:my_decoder|r_out_sprite[3]  ; 3       ;
; rgb_decoder:my_decoder|g_out_sprite[0]  ; 5       ;
; rgb_decoder:my_decoder|g_out_sprite[1]  ; 4       ;
; rgb_decoder:my_decoder|g_out_sprite[2]  ; 3       ;
; rgb_decoder:my_decoder|g_out_sprite[3]  ; 3       ;
; rgb_decoder:my_decoder|b_out_sprite[0]  ; 5       ;
; rgb_decoder:my_decoder|b_out_sprite[1]  ; 4       ;
; rgb_decoder:my_decoder|b_out_sprite[2]  ; 3       ;
; rgb_decoder:my_decoder|b_out_sprite[3]  ; 3       ;
; Total number of inverted registers = 23 ;         ;
+-----------------------------------------+---------+


+----------------------------------------------------------------------------------------------------------------------------------------------------------+
; Multiplexer Restructuring Statistics (Restructuring Performed)                                                                                           ;
+--------------------+-----------+---------------+----------------------+------------------------+------------+--------------------------------------------+
; Multiplexer Inputs ; Bus Width ; Baseline Area ; Area if Restructured ; Saving if Restructured ; Registered ; Example Multiplexer Output                 ;
+--------------------+-----------+---------------+----------------------+------------------------+------------+--------------------------------------------+
; 3:1                ; 12 bits   ; 24 LEs        ; 12 LEs               ; 12 LEs                 ; Yes        ; |top_level|rgb_decoder:my_decoder|b_out[3] ;
; 4:1                ; 10 bits   ; 20 LEs        ; 10 LEs               ; 10 LEs                 ; Yes        ; |top_level|VGA:my_VGA|h_count[0]           ;
; 4:1                ; 10 bits   ; 20 LEs        ; 10 LEs               ; 10 LEs                 ; Yes        ; |top_level|VGA:my_VGA|v_count[2]           ;
; 4:1                ; 3 bits    ; 6 LEs         ; 3 LEs                ; 3 LEs                  ; Yes        ; |top_level|fsm_snes:snes_decode|delay[7]   ;
; 6:1                ; 3 bits    ; 12 LEs        ; 6 LEs                ; 6 LEs                  ; Yes        ; |top_level|fsm_snes:snes_decode|delay[5]   ;
; 7:1                ; 3 bits    ; 12 LEs        ; 9 LEs                ; 3 LEs                  ; Yes        ; |top_level|fsm_snes:snes_decode|delay[4]   ;
+--------------------+-----------+---------------+----------------------+------------------------+------------+--------------------------------------------+


+-------------------------------------------------------------------+
; Parameter Settings for User Entity Instance: fsm_snes:snes_decode ;
+----------------+------------+-------------------------------------+
; Parameter Name ; Value      ; Type                                ;
+----------------+------------+-------------------------------------+
; s0             ; 0101000001 ; Unsigned Binary                     ;
; s1             ; 1100000010 ; Unsigned Binary                     ;
; s2             ; 0100000100 ; Unsigned Binary                     ;
; s3             ; 0000001000 ; Unsigned Binary                     ;
; s4             ; 0100010000 ; Unsigned Binary                     ;
; s5             ; 0110100000 ; Unsigned Binary                     ;
+----------------+------------+-------------------------------------+
Note: In order to hide this table in the UI and the text report file, please set the "Show Parameter Settings in Synthesis Report" option in "Analysis and Synthesis Settings -> More Settings" to "Off".


+---------------------------------------------------------+
; Parameter Settings for User Entity Instance: VGA:my_VGA ;
+----------------+-------+--------------------------------+
; Parameter Name ; Value ; Type                           ;
+----------------+-------+--------------------------------+
; hsync_begin    ; 16    ; Signed Integer                 ;
; hsync_end      ; 112   ; Signed Integer                 ;
; h_active       ; 160   ; Signed Integer                 ;
; vsync_begin    ; 490   ; Signed Integer                 ;
; vsync_end      ; 492   ; Signed Integer                 ;
; v_active_end   ; 480   ; Signed Integer                 ;
; pixel_line     ; 800   ; Signed Integer                 ;
; line_screen    ; 525   ; Signed Integer                 ;
+----------------+-------+--------------------------------+
Note: In order to hide this table in the UI and the text report file, please set the "Show Parameter Settings in Synthesis Report" option in "Analysis and Synthesis Settings -> More Settings" to "Off".


+-------------------------------------------------------------------------------------------------------------------+
; Port Connectivity Checks: "rgb_decoder:my_decoder|clock_divider_1Hz:clk_div_1"                                    ;
+---------+--------+----------+-------------------------------------------------------------------------------------+
; Port    ; Type   ; Severity ; Details                                                                             ;
+---------+--------+----------+-------------------------------------------------------------------------------------+
; clk_1Hz ; Output ; Info     ; Connected to dangling logic. Logic that only feeds a dangling port will be removed. ;
+---------+--------+----------+-------------------------------------------------------------------------------------+


+-----------------------------------------------------------------------------------------------------------------------------------------+
; Port Connectivity Checks: "VGA:my_VGA"                                                                                                  ;
+----------+--------+----------+----------------------------------------------------------------------------------------------------------+
; Port     ; Type   ; Severity ; Details                                                                                                  ;
+----------+--------+----------+----------------------------------------------------------------------------------------------------------+
; finished ; Output ; Warning  ; Declared by entity but not connected by instance. Logic that only feeds a dangling port will be removed. ;
+----------+--------+----------+----------------------------------------------------------------------------------------------------------+


+---------------------------------------------------------------------------------------------------------------------------------------+
; Port Connectivity Checks: "fsm_snes:snes_decode"                                                                                      ;
+--------+--------+----------+----------------------------------------------------------------------------------------------------------+
; Port   ; Type   ; Severity ; Details                                                                                                  ;
+--------+--------+----------+----------------------------------------------------------------------------------------------------------+
; finish ; Output ; Warning  ; Declared by entity but not connected by instance. Logic that only feeds a dangling port will be removed. ;
; idle   ; Output ; Warning  ; Declared by entity but not connected by instance. Logic that only feeds a dangling port will be removed. ;
+--------+--------+----------+----------------------------------------------------------------------------------------------------------+


+-----------------------------------------------------+
; Post-Synthesis Netlist Statistics for Top Partition ;
+-----------------------+-----------------------------+
; Type                  ; Count                       ;
+-----------------------+-----------------------------+
; boundary_port         ; 20                          ;
; cycloneiii_ff         ; 185                         ;
;     CLR               ; 102                         ;
;     ENA               ; 12                          ;
;     ENA SCLR          ; 10                          ;
;     SLD               ; 3                           ;
;     plain             ; 58                          ;
; cycloneiii_lcell_comb ; 461                         ;
;     arith             ; 216                         ;
;         2 data inputs ; 120                         ;
;         3 data inputs ; 96                          ;
;     normal            ; 245                         ;
;         1 data inputs ; 21                          ;
;         2 data inputs ; 36                          ;
;         3 data inputs ; 83                          ;
;         4 data inputs ; 105                         ;
;                       ;                             ;
; Max LUT depth         ; 13.30                       ;
; Average LUT depth     ; 8.12                        ;
+-----------------------+-----------------------------+


+-------------------------------+
; Elapsed Time Per Partition    ;
+----------------+--------------+
; Partition Name ; Elapsed Time ;
+----------------+--------------+
; Top            ; 00:00:01     ;
+----------------+--------------+


+-------------------------------+
; Analysis & Synthesis Messages ;
+-------------------------------+
Info: *******************************************************************
Info: Running Quartus Prime Analysis & Synthesis
    Info: Version 19.1.0 Build 670 09/22/2019 SJ Lite Edition
    Info: Processing started: Sun Jun 14 15:31:22 2020
Info: Command: quartus_map --read_settings_files=on --write_settings_files=off SNES_to_VGA -c SNES_to_VGA
Warning (18236): Number of processors has not been specified which may cause overloading on shared machines.  Set the global assignment NUM_PARALLEL_PROCESSORS in your QSF to an appropriate value for best performance.
Info (20030): Parallel compilation is enabled and will use 6 of the 6 processors detected
Info (12021): Found 1 design units, including 1 entities, in source file rgb_generator.sv
    Info (12023): Found entity 1: vga_generator File: C:/Users/Jacob/Desktop/Quartus Prime Projects/ECE 272 Group Project/RGB_Generator.sv Line: 1
Info (12021): Found 1 design units, including 1 entities, in source file vga_timings.sv
    Info (12023): Found entity 1: VGA File: C:/Users/Jacob/Desktop/Quartus Prime Projects/ECE 272 Group Project/VGA_Timings.sv Line: 1
Info (12021): Found 1 design units, including 1 entities, in source file top_level.sv
    Info (12023): Found entity 1: top_level File: C:/Users/Jacob/Desktop/Quartus Prime Projects/ECE 272 Group Project/top_level.sv Line: 1
Info (12021): Found 1 design units, including 1 entities, in source file rgb_decoder.sv
    Info (12023): Found entity 1: rgb_decoder File: C:/Users/Jacob/Desktop/Quartus Prime Projects/ECE 272 Group Project/RGB_Decoder.sv Line: 1
Info (12021): Found 1 design units, including 1 entities, in source file clock_divider.sv
    Info (12023): Found entity 1: clockdivider File: C:/Users/Jacob/Desktop/Quartus Prime Projects/ECE 272 Group Project/Clock_Divider.sv Line: 1
Info (12021): Found 1 design units, including 1 entities, in source file snes_to_vga.sv
    Info (12023): Found entity 1: fsm_snes File: C:/Users/Jacob/Desktop/Quartus Prime Projects/ECE 272 Group Project/SNES_to_VGA.sv Line: 48
Info (12021): Found 1 design units, including 1 entities, in source file clock_divider_1hz.sv
    Info (12023): Found entity 1: clock_divider_1Hz File: C:/Users/Jacob/Desktop/Quartus Prime Projects/ECE 272 Group Project/clock_divider_1Hz.sv Line: 1
Info (12021): Found 1 design units, including 1 entities, in source file output_files/transformer.sv
    Info (12023): Found entity 1: transformer File: C:/Users/Jacob/Desktop/Quartus Prime Projects/ECE 272 Group Project/output_files/transformer.sv Line: 1
Info (12127): Elaborating entity "top_level" for the top level hierarchy
Info (12128): Elaborating entity "fsm_snes" for hierarchy "fsm_snes:snes_decode" File: C:/Users/Jacob/Desktop/Quartus Prime Projects/ECE 272 Group Project/top_level.sv Line: 27
Warning (10230): Verilog HDL assignment warning at SNES_to_VGA.sv(68): truncated value with size 32 to match size of target (1) File: C:/Users/Jacob/Desktop/Quartus Prime Projects/ECE 272 Group Project/SNES_to_VGA.sv Line: 68
Info (12128): Elaborating entity "clockdivider" for hierarchy "clockdivider:my_clk_div" File: C:/Users/Jacob/Desktop/Quartus Prime Projects/ECE 272 Group Project/top_level.sv Line: 32
Warning (10230): Verilog HDL assignment warning at Clock_Divider.sv(16): truncated value with size 32 to match size of target (2) File: C:/Users/Jacob/Desktop/Quartus Prime Projects/ECE 272 Group Project/Clock_Divider.sv Line: 16
Info (12128): Elaborating entity "VGA" for hierarchy "VGA:my_VGA" File: C:/Users/Jacob/Desktop/Quartus Prime Projects/ECE 272 Group Project/top_level.sv Line: 42
Warning (10230): Verilog HDL assignment warning at VGA_Timings.sv(26): truncated value with size 32 to match size of target (10) File: C:/Users/Jacob/Desktop/Quartus Prime Projects/ECE 272 Group Project/VGA_Timings.sv Line: 26
Warning (10230): Verilog HDL assignment warning at VGA_Timings.sv(27): truncated value with size 32 to match size of target (9) File: C:/Users/Jacob/Desktop/Quartus Prime Projects/ECE 272 Group Project/VGA_Timings.sv Line: 27
Warning (10230): Verilog HDL assignment warning at VGA_Timings.sv(44): truncated value with size 32 to match size of target (10) File: C:/Users/Jacob/Desktop/Quartus Prime Projects/ECE 272 Group Project/VGA_Timings.sv Line: 44
Warning (10230): Verilog HDL assignment warning at VGA_Timings.sv(47): truncated value with size 32 to match size of target (10) File: C:/Users/Jacob/Desktop/Quartus Prime Projects/ECE 272 Group Project/VGA_Timings.sv Line: 47
Info (12128): Elaborating entity "rgb_decoder" for hierarchy "rgb_decoder:my_decoder" File: C:/Users/Jacob/Desktop/Quartus Prime Projects/ECE 272 Group Project/top_level.sv Line: 52
Warning (10230): Verilog HDL assignment warning at RGB_Decoder.sv(43): truncated value with size 32 to match size of target (31) File: C:/Users/Jacob/Desktop/Quartus Prime Projects/ECE 272 Group Project/RGB_Decoder.sv Line: 43
Warning (10230): Verilog HDL assignment warning at RGB_Decoder.sv(44): truncated value with size 32 to match size of target (31) File: C:/Users/Jacob/Desktop/Quartus Prime Projects/ECE 272 Group Project/RGB_Decoder.sv Line: 44
Warning (10230): Verilog HDL assignment warning at RGB_Decoder.sv(45): truncated value with size 32 to match size of target (31) File: C:/Users/Jacob/Desktop/Quartus Prime Projects/ECE 272 Group Project/RGB_Decoder.sv Line: 45
Warning (10230): Verilog HDL assignment warning at RGB_Decoder.sv(49): truncated value with size 32 to match size of target (9) File: C:/Users/Jacob/Desktop/Quartus Prime Projects/ECE 272 Group Project/RGB_Decoder.sv Line: 49
Warning (10230): Verilog HDL assignment warning at RGB_Decoder.sv(51): truncated value with size 32 to match size of target (9) File: C:/Users/Jacob/Desktop/Quartus Prime Projects/ECE 272 Group Project/RGB_Decoder.sv Line: 51
Warning (10230): Verilog HDL assignment warning at RGB_Decoder.sv(53): truncated value with size 32 to match size of target (10) File: C:/Users/Jacob/Desktop/Quartus Prime Projects/ECE 272 Group Project/RGB_Decoder.sv Line: 53
Warning (10230): Verilog HDL assignment warning at RGB_Decoder.sv(55): truncated value with size 32 to match size of target (10) File: C:/Users/Jacob/Desktop/Quartus Prime Projects/ECE 272 Group Project/RGB_Decoder.sv Line: 55
Warning (10230): Verilog HDL assignment warning at RGB_Decoder.sv(61): truncated value with size 32 to match size of target (4) File: C:/Users/Jacob/Desktop/Quartus Prime Projects/ECE 272 Group Project/RGB_Decoder.sv Line: 61
Warning (10230): Verilog HDL assignment warning at RGB_Decoder.sv(63): truncated value with size 32 to match size of target (4) File: C:/Users/Jacob/Desktop/Quartus Prime Projects/ECE 272 Group Project/RGB_Decoder.sv Line: 63
Warning (10230): Verilog HDL assignment warning at RGB_Decoder.sv(65): truncated value with size 32 to match size of target (4) File: C:/Users/Jacob/Desktop/Quartus Prime Projects/ECE 272 Group Project/RGB_Decoder.sv Line: 65
Warning (10230): Verilog HDL assignment warning at RGB_Decoder.sv(67): truncated value with size 32 to match size of target (4) File: C:/Users/Jacob/Desktop/Quartus Prime Projects/ECE 272 Group Project/RGB_Decoder.sv Line: 67
Warning (10230): Verilog HDL assignment warning at RGB_Decoder.sv(69): truncated value with size 32 to match size of target (4) File: C:/Users/Jacob/Desktop/Quartus Prime Projects/ECE 272 Group Project/RGB_Decoder.sv Line: 69
Warning (10230): Verilog HDL assignment warning at RGB_Decoder.sv(71): truncated value with size 32 to match size of target (4) File: C:/Users/Jacob/Desktop/Quartus Prime Projects/ECE 272 Group Project/RGB_Decoder.sv Line: 71
Warning (10230): Verilog HDL assignment warning at RGB_Decoder.sv(73): truncated value with size 32 to match size of target (8) File: C:/Users/Jacob/Desktop/Quartus Prime Projects/ECE 272 Group Project/RGB_Decoder.sv Line: 73
Warning (10230): Verilog HDL assignment warning at RGB_Decoder.sv(75): truncated value with size 32 to match size of target (8) File: C:/Users/Jacob/Desktop/Quartus Prime Projects/ECE 272 Group Project/RGB_Decoder.sv Line: 75
Info (12128): Elaborating entity "clock_divider_1Hz" for hierarchy "rgb_decoder:my_decoder|clock_divider_1Hz:clk_div_1" File: C:/Users/Jacob/Desktop/Quartus Prime Projects/ECE 272 Group Project/RGB_Decoder.sv Line: 24
Warning (10230): Verilog HDL assignment warning at clock_divider_1Hz.sv(16): truncated value with size 32 to match size of target (28) File: C:/Users/Jacob/Desktop/Quartus Prime Projects/ECE 272 Group Project/clock_divider_1Hz.sv Line: 16
Info (12128): Elaborating entity "vga_generator" for hierarchy "vga_generator:my_generator" File: C:/Users/Jacob/Desktop/Quartus Prime Projects/ECE 272 Group Project/top_level.sv Line: 61
Warning (12241): 2 hierarchies have connectivity warnings - see the Connectivity Checks report folder
Info (13000): Registers with preset signals will power-up high File: C:/Users/Jacob/Desktop/Quartus Prime Projects/ECE 272 Group Project/RGB_Decoder.sv Line: 43
Info (13003): DEV_CLRn pin will set, and not reset, register with preset signal due to NOT Gate Push-Back
Info (286030): Timing-Driven Synthesis is running
Info (144001): Generated suppressed messages file C:/Users/Jacob/Desktop/Quartus Prime Projects/ECE 272 Group Project/output_files/SNES_to_VGA.map.smsg
Info (16010): Generating hard_block partition "hard_block:auto_generated_inst"
    Info (16011): Adding 0 node(s), including 0 DDIO, 0 PLL, 0 transceiver and 0 LCELL
Info (21057): Implemented 596 device resources after synthesis - the final resource count might be different
    Info (21058): Implemented 4 input pins
    Info (21059): Implemented 16 output pins
    Info (21061): Implemented 576 logic cells
Info: Quartus Prime Analysis & Synthesis was successful. 0 errors, 24 warnings
    Info: Peak virtual memory: 4793 megabytes
    Info: Processing ended: Sun Jun 14 15:31:35 2020
    Info: Elapsed time: 00:00:13
    Info: Total CPU time (on all processors): 00:00:19


+------------------------------------------+
; Analysis & Synthesis Suppressed Messages ;
+------------------------------------------+
The suppressed messages can be found in C:/Users/Jacob/Desktop/Quartus Prime Projects/ECE 272 Group Project/output_files/SNES_to_VGA.map.smsg.


